# JRE version: Java(TM) SE Runtime Environment (7.0_79-b15) (build 1.7.0_79-b15)
# Java VM: Java HotSpot(TM) 64-Bit Server VM (24.79-b02 mixed mode windows-amd64 compressed oops)
Heap
 PSYoungGen      total 33792K, used 7672K [0x00000000f6080000, 0x00000000fb080000, 0x0000000100000000)
  eden space 32768K, 23% used [0x00000000f6080000,0x00000000f67fe040,0x00000000f8080000)
  from space 1024K, 0% used [0x00000000f8080000,0x00000000f8080000,0x00000000f8180000)
  to   space 8192K, 0% used [0x00000000fa880000,0x00000000fa880000,0x00000000fb080000)
 ParOldGen       total 29184K, used 9181K [0x00000000e2200000, 0x00000000e3e80000, 0x00000000f6080000)
  object space 29184K, 31% used [0x00000000e2200000,0x00000000e2af77f8,0x00000000e3e80000)
 PSPermGen       total 31744K, used 16070K [0x00000000dd000000, 0x00000000def00000, 0x00000000e2200000)
  object space 31744K, 50% used [0x00000000dd000000,0x00000000ddfb1b08,0x00000000def00000)
GC Heap History (10 events):
Event: 3.658 GC heap before
{Heap before GC invocations=2 (full 0):
 PSYoungGen      total 9216K, used 9184K [0x00000000f6080000, 0x00000000f7280000, 0x0000000100000000)
  eden space 8192K, 100% used [0x00000000f6080000,0x00000000f6880000,0x00000000f6880000)
  from space 1024K, 96% used [0x00000000f6880000,0x00000000f6978020,0x00000000f6980000)
  to   space 1024K, 0% used [0x00000000f7180000,0x00000000f7180000,0x00000000f7280000)
 ParOldGen       total 19968K, used 1558K [0x00000000e2200000, 0x00000000e3580000, 0x00000000f6080000)
  object space 19968K, 7% used [0x00000000e2200000,0x00000000e23858b8,0x00000000e3580000)
 PSPermGen       total 21504K, used 12890K [0x00000000dd000000, 0x00000000de500000, 0x00000000e2200000)
  object space 21504K, 59% used [0x00000000dd000000,0x00000000ddc969c8,0x00000000de500000)
Event: 3.682 GC heap after
Heap after GC invocations=2 (full 0):
 PSYoungGen      total 17408K, used 1024K [0x00000000f6080000, 0x00000000f7280000, 0x0000000100000000)
  eden space 16384K, 0% used [0x00000000f6080000,0x00000000f6080000,0x00000000f7080000)
  from space 1024K, 100% used [0x00000000f7180000,0x00000000f7280000,0x00000000f7280000)
  to   space 1024K, 0% used [0x00000000f7080000,0x00000000f7080000,0x00000000f7180000)
 ParOldGen       total 19968K, used 2815K [0x00000000e2200000, 0x00000000e3580000, 0x00000000f6080000)
  object space 19968K, 14% used [0x00000000e2200000,0x00000000e24bfd98,0x00000000e3580000)
 PSPermGen       total 21504K, used 12890K [0x00000000dd000000, 0x00000000de500000, 0x00000000e2200000)
  object space 21504K, 59% used [0x00000000dd000000,0x00000000ddc969c8,0x00000000de500000)
}
Event: 4.226 GC heap before
{Heap before GC invocations=3 (full 0):
 PSYoungGen      total 17408K, used 17408K [0x00000000f6080000, 0x00000000f7280000, 0x0000000100000000)
  eden space 16384K, 100% used [0x00000000f6080000,0x00000000f7080000,0x00000000f7080000)
  from space 1024K, 100% used [0x00000000f7180000,0x00000000f7280000,0x00000000f7280000)
  to   space 1024K, 0% used [0x00000000f7080000,0x00000000f7080000,0x00000000f7180000)
 ParOldGen       total 19968K, used 2815K [0x00000000e2200000, 0x00000000e3580000, 0x00000000f6080000)
  object space 19968K, 14% used [0x00000000e2200000,0x00000000e24bfd98,0x00000000e3580000)
 PSPermGen       total 21504K, used 12898K [0x00000000dd000000, 0x00000000de500000, 0x00000000e2200000)
  object space 21504K, 59% used [0x00000000dd000000,0x00000000ddc98a50,0x00000000de500000)
Event: 4.240 GC heap after
Heap after GC invocations=3 (full 0):
 PSYoungGen      total 17408K, used 1024K [0x00000000f6080000, 0x00000000f8280000, 0x0000000100000000)
  eden space 16384K, 0% used [0x00000000f6080000,0x00000000f6080000,0x00000000f7080000)
  from space 1024K, 100% used [0x00000000f7080000,0x00000000f7180000,0x00000000f7180000)
  to   space 1024K, 0% used [0x00000000f8180000,0x00000000f8180000,0x00000000f8280000)
 ParOldGen       total 19968K, used 2839K [0x00000000e2200000, 0x00000000e3580000, 0x00000000f6080000)
  object space 19968K, 14% used [0x00000000e2200000,0x00000000e24c5d98,0x00000000e3580000)
 PSPermGen       total 21504K, used 12898K [0x00000000dd000000, 0x00000000de500000, 0x00000000e2200000)
  object space 21504K, 59% used [0x00000000dd000000,0x00000000ddc98a50,0x00000000de500000)
}
Event: 4.742 GC heap before
{Heap before GC invocations=4 (full 0):
 PSYoungGen      total 17408K, used 17408K [0x00000000f6080000, 0x00000000f8280000, 0x0000000100000000)
  eden space 16384K, 100% used [0x00000000f6080000,0x00000000f7080000,0x00000000f7080000)
  from space 1024K, 100% used [0x00000000f7080000,0x00000000f7180000,0x00000000f7180000)
  to   space 1024K, 0% used [0x00000000f8180000,0x00000000f8180000,0x00000000f8280000)
 ParOldGen       total 19968K, used 2839K [0x00000000e2200000, 0x00000000e3580000, 0x00000000f6080000)
  object space 19968K, 14% used [0x00000000e2200000,0x00000000e24c5d98,0x00000000e3580000)
 PSPermGen       total 21504K, used 13017K [0x00000000dd000000, 0x00000000de500000, 0x00000000e2200000)
  object space 21504K, 60% used [0x00000000dd000000,0x00000000ddcb66f0,0x00000000de500000)
Event: 4.767 GC heap after
Heap after GC invocations=4 (full 0):
 PSYoungGen      total 33792K, used 1011K [0x00000000f6080000, 0x00000000f8280000, 0x0000000100000000)
  eden space 32768K, 0% used [0x00000000f6080000,0x00000000f6080000,0x00000000f8080000)
  from space 1024K, 98% used [0x00000000f8180000,0x00000000f827cd48,0x00000000f8280000)
  to   space 1024K, 0% used [0x00000000f8080000,0x00000000f8080000,0x00000000f8180000)
 ParOldGen       total 19968K, used 4067K [0x00000000e2200000, 0x00000000e3580000, 0x00000000f6080000)
  object space 19968K, 20% used [0x00000000e2200000,0x00000000e25f8ef8,0x00000000e3580000)
 PSPermGen       total 21504K, used 13017K [0x00000000dd000000, 0x00000000de500000, 0x00000000e2200000)
  object space 21504K, 60% used [0x00000000dd000000,0x00000000ddcb66f0,0x00000000de500000)
}
Event: 6.527 GC heap before
{Heap before GC invocations=5 (full 0):
 PSYoungGen      total 33792K, used 33779K [0x00000000f6080000, 0x00000000f8280000, 0x0000000100000000)
  eden space 32768K, 100% used [0x00000000f6080000,0x00000000f8080000,0x00000000f8080000)
  from space 1024K, 98% used [0x00000000f8180000,0x00000000f827cd48,0x00000000f8280000)
  to   space 1024K, 0% used [0x00000000f8080000,0x00000000f8080000,0x00000000f8180000)
 ParOldGen       total 19968K, used 4067K [0x00000000e2200000, 0x00000000e3580000, 0x00000000f6080000)
  object space 19968K, 20% used [0x00000000e2200000,0x00000000e25f8ef8,0x00000000e3580000)
 PSPermGen       total 21504K, used 15756K [0x00000000dd000000, 0x00000000de500000, 0x00000000e2200000)
  object space 21504K, 73% used [0x00000000dd000000,0x00000000ddf63268,0x00000000de500000)
Event: 6.593 GC heap after
Heap after GC invocations=5 (full 0):
 PSYoungGen      total 33792K, used 1024K [0x00000000f6080000, 0x00000000fb080000, 0x0000000100000000)
  eden space 32768K, 0% used [0x00000000f6080000,0x00000000f6080000,0x00000000f8080000)
  from space 1024K, 100% used [0x00000000f8080000,0x00000000f8180000,0x00000000f8180000)
  to   space 8192K, 0% used [0x00000000fa880000,0x00000000fa880000,0x00000000fb080000)
 ParOldGen       total 19968K, used 12957K [0x00000000e2200000, 0x00000000e3580000, 0x00000000f6080000)
  object space 19968K, 64% used [0x00000000e2200000,0x00000000e2ea76d0,0x00000000e3580000)
 PSPermGen       total 21504K, used 15756K [0x00000000dd000000, 0x00000000de500000, 0x00000000e2200000)
  object space 21504K, 73% used [0x00000000dd000000,0x00000000ddf63268,0x00000000de500000)
}
Event: 6.594 GC heap before
{Heap before GC invocations=6 (full 1):
 PSYoungGen      total 33792K, used 1024K [0x00000000f6080000, 0x00000000fb080000, 0x0000000100000000)
  eden space 32768K, 0% used [0x00000000f6080000,0x00000000f6080000,0x00000000f8080000)
  from space 1024K, 100% used [0x00000000f8080000,0x00000000f8180000,0x00000000f8180000)
  to   space 8192K, 0% used [0x00000000fa880000,0x00000000fa880000,0x00000000fb080000)
 ParOldGen       total 19968K, used 12957K [0x00000000e2200000, 0x00000000e3580000, 0x00000000f6080000)
  object space 19968K, 64% used [0x00000000e2200000,0x00000000e2ea76d0,0x00000000e3580000)
 PSPermGen       total 21504K, used 15756K [0x00000000dd000000, 0x00000000de500000, 0x00000000e2200000)
  object space 21504K, 73% used [0x00000000dd000000,0x00000000ddf63268,0x00000000de500000)
Event: 6.820 GC heap after
Heap after GC invocations=6 (full 1):
 PSYoungGen      total 33792K, used 0K [0x00000000f6080000, 0x00000000fb080000, 0x0000000100000000)
  eden space 32768K, 0% used [0x00000000f6080000,0x00000000f6080000,0x00000000f8080000)
  from space 1024K, 0% used [0x00000000f8080000,0x00000000f8080000,0x00000000f8180000)
  to   space 8192K, 0% used [0x00000000fa880000,0x00000000fa880000,0x00000000fb080000)
 ParOldGen       total 29184K, used 9181K [0x00000000e2200000, 0x00000000e3e80000, 0x00000000f6080000)
  object space 29184K, 31% used [0x00000000e2200000,0x00000000e2af77f8,0x00000000e3e80000)
 PSPermGen       total 31744K, used 15752K [0x00000000dd000000, 0x00000000def00000, 0x00000000e2200000)
  object space 31744K, 49% used [0x00000000dd000000,0x00000000ddf621e0,0x00000000def00000)
}

