# JRE version: Java(TM) SE Runtime Environment (8.0_101-b13) (build 1.8.0_101-b13)
# Java VM: Java HotSpot(TM) 64-Bit Server VM (25.101-b13 mixed mode windows-amd64 compressed oops)
Heap:
 PSYoungGen      total 53248K, used 16771K [0x00000000e0000000, 0x00000000e3800000, 0x0000000100000000)
  eden space 49152K, 25% used [0x00000000e0000000,0x00000000e0c68698,0x00000000e3000000)
  from space 4096K, 99% used [0x00000000e3400000,0x00000000e37f87e0,0x00000000e3800000)
  to   space 4096K, 0% used [0x00000000e3000000,0x00000000e3000000,0x00000000e3400000)
 ParOldGen       total 65536K, used 1199K [0x00000000a0000000, 0x00000000a4000000, 0x00000000e0000000)
  object space 65536K, 1% used [0x00000000a0000000,0x00000000a012be10,0x00000000a4000000)
 Metaspace       used 16048K, capacity 16214K, committed 16384K, reserved 1064960K
  class space    used 1671K, capacity 1732K, committed 1792K, reserved 1048576K
GC Heap History (4 events):
Event: 2.578 GC heap before
{Heap before GC invocations=1 (full 0):
 PSYoungGen      total 28672K, used 24576K [0x00000000e0000000, 0x00000000e2000000, 0x0000000100000000)
  eden space 24576K, 100% used [0x00000000e0000000,0x00000000e1800000,0x00000000e1800000)
  from space 4096K, 0% used [0x00000000e1c00000,0x00000000e1c00000,0x00000000e2000000)
  to   space 4096K, 0% used [0x00000000e1800000,0x00000000e1800000,0x00000000e1c00000)
 ParOldGen       total 65536K, used 0K [0x00000000a0000000, 0x00000000a4000000, 0x00000000e0000000)
  object space 65536K, 0% used [0x00000000a0000000,0x00000000a0000000,0x00000000a4000000)
 Metaspace       used 13021K, capacity 13252K, committed 13568K, reserved 1060864K
  class space    used 1305K, capacity 1409K, committed 1536K, reserved 1048576K
Event: 2.605 GC heap after
Heap after GC invocations=1 (full 0):
 PSYoungGen      total 28672K, used 4078K [0x00000000e0000000, 0x00000000e3800000, 0x0000000100000000)
  eden space 24576K, 0% used [0x00000000e0000000,0x00000000e0000000,0x00000000e1800000)
  from space 4096K, 99% used [0x00000000e1800000,0x00000000e1bfb898,0x00000000e1c00000)
  to   space 4096K, 0% used [0x00000000e3400000,0x00000000e3400000,0x00000000e3800000)
 ParOldGen       total 65536K, used 832K [0x00000000a0000000, 0x00000000a4000000, 0x00000000e0000000)
  object space 65536K, 1% used [0x00000000a0000000,0x00000000a00d03e0,0x00000000a4000000)
 Metaspace       used 13021K, capacity 13252K, committed 13568K, reserved 1060864K
  class space    used 1305K, capacity 1409K, committed 1536K, reserved 1048576K
}
Event: 3.423 GC heap before
{Heap before GC invocations=2 (full 0):
 PSYoungGen      total 28672K, used 28316K [0x00000000e0000000, 0x00000000e3800000, 0x0000000100000000)
  eden space 24576K, 98% used [0x00000000e0000000,0x00000000e17ab990,0x00000000e1800000)
  from space 4096K, 99% used [0x00000000e1800000,0x00000000e1bfb898,0x00000000e1c00000)
  to   space 4096K, 0% used [0x00000000e3400000,0x00000000e3400000,0x00000000e3800000)
 ParOldGen       total 65536K, used 832K [0x00000000a0000000, 0x00000000a4000000, 0x00000000e0000000)
  object space 65536K, 1% used [0x00000000a0000000,0x00000000a00d03e0,0x00000000a4000000)
 Metaspace       used 15714K, capacity 15926K, committed 16128K, reserved 1062912K
  class space    used 1634K, capacity 1700K, committed 1792K, reserved 1048576K
Event: 3.438 GC heap after
Heap after GC invocations=2 (full 0):
 PSYoungGen      total 53248K, used 4065K [0x00000000e0000000, 0x00000000e3800000, 0x0000000100000000)
  eden space 49152K, 0% used [0x00000000e0000000,0x00000000e0000000,0x00000000e3000000)
  from space 4096K, 99% used [0x00000000e3400000,0x00000000e37f87e0,0x00000000e3800000)
  to   space 4096K, 0% used [0x00000000e3000000,0x00000000e3000000,0x00000000e3400000)
 ParOldGen       total 65536K, used 1199K [0x00000000a0000000, 0x00000000a4000000, 0x00000000e0000000)
  object space 65536K, 1% used [0x00000000a0000000,0x00000000a012be10,0x00000000a4000000)
 Metaspace       used 15714K, capacity 15926K, committed 16128K, reserved 1062912K
  class space    used 1634K, capacity 1700K, committed 1792K, reserved 1048576K
}

