# JRE version: Java(TM) SE Runtime Environment (7.0_79-b15) (build 1.7.0_79-b15)
# Java VM: Java HotSpot(TM) 64-Bit Server VM (24.79-b02 mixed mode windows-amd64 compressed oops)
Heap
 PSYoungGen      total 35840K, used 27992K [0x00000000f6080000, 0x00000000f8880000, 0x0000000100000000)
  eden space 32256K, 75% used [0x00000000f6080000,0x00000000f785b1b0,0x00000000f8000000)
  from space 3584K, 99% used [0x00000000f8400000,0x00000000f877af88,0x00000000f8780000)
  to   space 4096K, 0% used [0x00000000f8000000,0x00000000f8000000,0x00000000f8400000)
 ParOldGen       total 19968K, used 4301K [0x00000000e2200000, 0x00000000e3580000, 0x00000000f6080000)
  object space 19968K, 21% used [0x00000000e2200000,0x00000000e2633588,0x00000000e3580000)
 PSPermGen       total 21504K, used 16076K [0x00000000dd000000, 0x00000000de500000, 0x00000000e2200000)
  object space 21504K, 74% used [0x00000000dd000000,0x00000000ddfb33d8,0x00000000de500000)
GC Heap History (10 events):
Event: 5.155 GC heap before
{Heap before GC invocations=2 (full 0):
 PSYoungGen      total 9216K, used 9184K [0x00000000f6080000, 0x00000000f6a80000, 0x0000000100000000)
  eden space 8192K, 100% used [0x00000000f6080000,0x00000000f6880000,0x00000000f6880000)
  from space 1024K, 96% used [0x00000000f6880000,0x00000000f6978020,0x00000000f6980000)
  to   space 1024K, 0% used [0x00000000f6980000,0x00000000f6980000,0x00000000f6a80000)
 ParOldGen       total 19968K, used 1566K [0x00000000e2200000, 0x00000000e3580000, 0x00000000f6080000)
  object space 19968K, 7% used [0x00000000e2200000,0x00000000e23878b8,0x00000000e3580000)
 PSPermGen       total 21504K, used 12889K [0x00000000dd000000, 0x00000000de500000, 0x00000000e2200000)
  object space 21504K, 59% used [0x00000000dd000000,0x00000000ddc967f0,0x00000000de500000)
Event: 5.178 GC heap after
Heap after GC invocations=2 (full 0):
 PSYoungGen      total 9216K, used 1024K [0x00000000f6080000, 0x00000000f6a80000, 0x0000000100000000)
  eden space 8192K, 0% used [0x00000000f6080000,0x00000000f6080000,0x00000000f6880000)
  from space 1024K, 100% used [0x00000000f6980000,0x00000000f6a80000,0x00000000f6a80000)
  to   space 1024K, 0% used [0x00000000f6880000,0x00000000f6880000,0x00000000f6980000)
 ParOldGen       total 19968K, used 2823K [0x00000000e2200000, 0x00000000e3580000, 0x00000000f6080000)
  object space 19968K, 14% used [0x00000000e2200000,0x00000000e24c1d88,0x00000000e3580000)
 PSPermGen       total 21504K, used 12889K [0x00000000dd000000, 0x00000000de500000, 0x00000000e2200000)
  object space 21504K, 59% used [0x00000000dd000000,0x00000000ddc967f0,0x00000000de500000)
}
Event: 5.456 GC heap before
{Heap before GC invocations=3 (full 0):
 PSYoungGen      total 9216K, used 9216K [0x00000000f6080000, 0x00000000f6a80000, 0x0000000100000000)
  eden space 8192K, 100% used [0x00000000f6080000,0x00000000f6880000,0x00000000f6880000)
  from space 1024K, 100% used [0x00000000f6980000,0x00000000f6a80000,0x00000000f6a80000)
  to   space 1024K, 0% used [0x00000000f6880000,0x00000000f6880000,0x00000000f6980000)
 ParOldGen       total 19968K, used 2823K [0x00000000e2200000, 0x00000000e3580000, 0x00000000f6080000)
  object space 19968K, 14% used [0x00000000e2200000,0x00000000e24c1d88,0x00000000e3580000)
 PSPermGen       total 21504K, used 12898K [0x00000000dd000000, 0x00000000de500000, 0x00000000e2200000)
  object space 21504K, 59% used [0x00000000dd000000,0x00000000ddc98ae8,0x00000000de500000)
Event: 5.467 GC heap after
Heap after GC invocations=3 (full 0):
 PSYoungGen      total 9216K, used 1008K [0x00000000f6080000, 0x00000000f7280000, 0x0000000100000000)
  eden space 8192K, 0% used [0x00000000f6080000,0x00000000f6080000,0x00000000f6880000)
  from space 1024K, 98% used [0x00000000f6880000,0x00000000f697c010,0x00000000f6980000)
  to   space 1024K, 0% used [0x00000000f7180000,0x00000000f7180000,0x00000000f7280000)
 ParOldGen       total 19968K, used 2855K [0x00000000e2200000, 0x00000000e3580000, 0x00000000f6080000)
  object space 19968K, 14% used [0x00000000e2200000,0x00000000e24c9d88,0x00000000e3580000)
 PSPermGen       total 21504K, used 12898K [0x00000000dd000000, 0x00000000de500000, 0x00000000e2200000)
  object space 21504K, 59% used [0x00000000dd000000,0x00000000ddc98ae8,0x00000000de500000)
}
Event: 5.758 GC heap before
{Heap before GC invocations=4 (full 0):
 PSYoungGen      total 9216K, used 9200K [0x00000000f6080000, 0x00000000f7280000, 0x0000000100000000)
  eden space 8192K, 100% used [0x00000000f6080000,0x00000000f6880000,0x00000000f6880000)
  from space 1024K, 98% used [0x00000000f6880000,0x00000000f697c010,0x00000000f6980000)
  to   space 1024K, 0% used [0x00000000f7180000,0x00000000f7180000,0x00000000f7280000)
 ParOldGen       total 19968K, used 2855K [0x00000000e2200000, 0x00000000e3580000, 0x00000000f6080000)
  object space 19968K, 14% used [0x00000000e2200000,0x00000000e24c9d88,0x00000000e3580000)
 PSPermGen       total 21504K, used 12898K [0x00000000dd000000, 0x00000000de500000, 0x00000000e2200000)
  object space 21504K, 59% used [0x00000000dd000000,0x00000000ddc98b08,0x00000000de500000)
Event: 5.771 GC heap after
Heap after GC invocations=4 (full 0):
 PSYoungGen      total 17408K, used 1008K [0x00000000f6080000, 0x00000000f7280000, 0x0000000100000000)
  eden space 16384K, 0% used [0x00000000f6080000,0x00000000f6080000,0x00000000f7080000)
  from space 1024K, 98% used [0x00000000f7180000,0x00000000f727c010,0x00000000f7280000)
  to   space 1024K, 0% used [0x00000000f7080000,0x00000000f7080000,0x00000000f7180000)
 ParOldGen       total 19968K, used 2863K [0x00000000e2200000, 0x00000000e3580000, 0x00000000f6080000)
  object space 19968K, 14% used [0x00000000e2200000,0x00000000e24cbd88,0x00000000e3580000)
 PSPermGen       total 21504K, used 12898K [0x00000000dd000000, 0x00000000de500000, 0x00000000e2200000)
  object space 21504K, 59% used [0x00000000dd000000,0x00000000ddc98b08,0x00000000de500000)
}
Event: 6.311 GC heap before
{Heap before GC invocations=5 (full 0):
 PSYoungGen      total 17408K, used 17392K [0x00000000f6080000, 0x00000000f7280000, 0x0000000100000000)
  eden space 16384K, 100% used [0x00000000f6080000,0x00000000f7080000,0x00000000f7080000)
  from space 1024K, 98% used [0x00000000f7180000,0x00000000f727c010,0x00000000f7280000)
  to   space 1024K, 0% used [0x00000000f7080000,0x00000000f7080000,0x00000000f7180000)
 ParOldGen       total 19968K, used 2863K [0x00000000e2200000, 0x00000000e3580000, 0x00000000f6080000)
  object space 19968K, 14% used [0x00000000e2200000,0x00000000e24cbd88,0x00000000e3580000)
 PSPermGen       total 21504K, used 13017K [0x00000000dd000000, 0x00000000de500000, 0x00000000e2200000)
  object space 21504K, 60% used [0x00000000dd000000,0x00000000ddcb67a8,0x00000000de500000)
Event: 6.336 GC heap after
Heap after GC invocations=5 (full 0):
 PSYoungGen      total 17408K, used 995K [0x00000000f6080000, 0x00000000f8780000, 0x0000000100000000)
  eden space 16384K, 0% used [0x00000000f6080000,0x00000000f6080000,0x00000000f7080000)
  from space 1024K, 97% used [0x00000000f7080000,0x00000000f7178d58,0x00000000f7180000)
  to   space 3584K, 0% used [0x00000000f8400000,0x00000000f8400000,0x00000000f8780000)
 ParOldGen       total 19968K, used 4099K [0x00000000e2200000, 0x00000000e3580000, 0x00000000f6080000)
  object space 19968K, 20% used [0x00000000e2200000,0x00000000e2600ee8,0x00000000e3580000)
 PSPermGen       total 21504K, used 13017K [0x00000000dd000000, 0x00000000de500000, 0x00000000e2200000)
  object space 21504K, 60% used [0x00000000dd000000,0x00000000ddcb67a8,0x00000000de500000)
}
Event: 7.777 GC heap before
{Heap before GC invocations=6 (full 0):
 PSYoungGen      total 17408K, used 16874K [0x00000000f6080000, 0x00000000f8780000, 0x0000000100000000)
  eden space 16384K, 96% used [0x00000000f6080000,0x00000000f7001c58,0x00000000f7080000)
  from space 1024K, 97% used [0x00000000f7080000,0x00000000f7178d58,0x00000000f7180000)
  to   space 3584K, 0% used [0x00000000f8400000,0x00000000f8400000,0x00000000f8780000)
 ParOldGen       total 19968K, used 4099K [0x00000000e2200000, 0x00000000e3580000, 0x00000000f6080000)
  object space 19968K, 20% used [0x00000000e2200000,0x00000000e2600ee8,0x00000000e3580000)
 PSPermGen       total 21504K, used 15736K [0x00000000dd000000, 0x00000000de500000, 0x00000000e2200000)
  object space 21504K, 73% used [0x00000000dd000000,0x00000000ddf5e2a0,0x00000000de500000)
Event: 7.824 GC heap after
Heap after GC invocations=6 (full 0):
 PSYoungGen      total 35840K, used 3563K [0x00000000f6080000, 0x00000000f8880000, 0x0000000100000000)
  eden space 32256K, 0% used [0x00000000f6080000,0x00000000f6080000,0x00000000f8000000)
  from space 3584K, 99% used [0x00000000f8400000,0x00000000f877af88,0x00000000f8780000)
  to   space 4096K, 0% used [0x00000000f8000000,0x00000000f8000000,0x00000000f8400000)
 ParOldGen       total 19968K, used 4301K [0x00000000e2200000, 0x00000000e3580000, 0x00000000f6080000)
  object space 19968K, 21% used [0x00000000e2200000,0x00000000e2633588,0x00000000e3580000)
 PSPermGen       total 21504K, used 15736K [0x00000000dd000000, 0x00000000de500000, 0x00000000e2200000)
  object space 21504K, 73% used [0x00000000dd000000,0x00000000ddf5e2a0,0x00000000de500000)
}

