# JRE version: Java(TM) SE Runtime Environment (7.0_79-b15) (build 1.7.0_79-b15)
# Java VM: Java HotSpot(TM) 64-Bit Server VM (24.79-b02 mixed mode windows-amd64 compressed oops)
Heap
 PSYoungGen      total 33792K, used 7891K [0x00000000f6080000, 0x00000000fb080000, 0x0000000100000000)
  eden space 32768K, 24% used [0x00000000f6080000,0x00000000f6834dd0,0x00000000f8080000)
  from space 1024K, 0% used [0x00000000f8080000,0x00000000f8080000,0x00000000f8180000)
  to   space 8192K, 0% used [0x00000000fa880000,0x00000000fa880000,0x00000000fb080000)
 ParOldGen       total 29696K, used 9113K [0x00000000e2200000, 0x00000000e3f00000, 0x00000000f6080000)
  object space 29696K, 30% used [0x00000000e2200000,0x00000000e2ae6650,0x00000000e3f00000)
 PSPermGen       total 31744K, used 16072K [0x00000000dd000000, 0x00000000def00000, 0x00000000e2200000)
  object space 31744K, 50% used [0x00000000dd000000,0x00000000ddfb22c8,0x00000000def00000)
GC Heap History (10 events):
Event: 3.504 GC heap before
{Heap before GC invocations=2 (full 0):
 PSYoungGen      total 9216K, used 9184K [0x00000000f6080000, 0x00000000f7280000, 0x0000000100000000)
  eden space 8192K, 100% used [0x00000000f6080000,0x00000000f6880000,0x00000000f6880000)
  from space 1024K, 96% used [0x00000000f6880000,0x00000000f6978020,0x00000000f6980000)
  to   space 1024K, 0% used [0x00000000f7180000,0x00000000f7180000,0x00000000f7280000)
 ParOldGen       total 19968K, used 1558K [0x00000000e2200000, 0x00000000e3580000, 0x00000000f6080000)
  object space 19968K, 7% used [0x00000000e2200000,0x00000000e23858b8,0x00000000e3580000)
 PSPermGen       total 21504K, used 12890K [0x00000000dd000000, 0x00000000de500000, 0x00000000e2200000)
  object space 21504K, 59% used [0x00000000dd000000,0x00000000ddc96a90,0x00000000de500000)
Event: 3.528 GC heap after
Heap after GC invocations=2 (full 0):
 PSYoungGen      total 17408K, used 1024K [0x00000000f6080000, 0x00000000f7280000, 0x0000000100000000)
  eden space 16384K, 0% used [0x00000000f6080000,0x00000000f6080000,0x00000000f7080000)
  from space 1024K, 100% used [0x00000000f7180000,0x00000000f7280000,0x00000000f7280000)
  to   space 1024K, 0% used [0x00000000f7080000,0x00000000f7080000,0x00000000f7180000)
 ParOldGen       total 19968K, used 2812K [0x00000000e2200000, 0x00000000e3580000, 0x00000000f6080000)
  object space 19968K, 14% used [0x00000000e2200000,0x00000000e24bf050,0x00000000e3580000)
 PSPermGen       total 21504K, used 12890K [0x00000000dd000000, 0x00000000de500000, 0x00000000e2200000)
  object space 21504K, 59% used [0x00000000dd000000,0x00000000ddc96a90,0x00000000de500000)
}
Event: 4.072 GC heap before
{Heap before GC invocations=3 (full 0):
 PSYoungGen      total 17408K, used 17408K [0x00000000f6080000, 0x00000000f7280000, 0x0000000100000000)
  eden space 16384K, 100% used [0x00000000f6080000,0x00000000f7080000,0x00000000f7080000)
  from space 1024K, 100% used [0x00000000f7180000,0x00000000f7280000,0x00000000f7280000)
  to   space 1024K, 0% used [0x00000000f7080000,0x00000000f7080000,0x00000000f7180000)
 ParOldGen       total 19968K, used 2812K [0x00000000e2200000, 0x00000000e3580000, 0x00000000f6080000)
  object space 19968K, 14% used [0x00000000e2200000,0x00000000e24bf050,0x00000000e3580000)
 PSPermGen       total 21504K, used 12898K [0x00000000dd000000, 0x00000000de500000, 0x00000000e2200000)
  object space 21504K, 59% used [0x00000000dd000000,0x00000000ddc98b18,0x00000000de500000)
Event: 4.086 GC heap after
Heap after GC invocations=3 (full 0):
 PSYoungGen      total 17408K, used 992K [0x00000000f6080000, 0x00000000f8280000, 0x0000000100000000)
  eden space 16384K, 0% used [0x00000000f6080000,0x00000000f6080000,0x00000000f7080000)
  from space 1024K, 96% used [0x00000000f7080000,0x00000000f7178020,0x00000000f7180000)
  to   space 1024K, 0% used [0x00000000f8180000,0x00000000f8180000,0x00000000f8280000)
 ParOldGen       total 19968K, used 2860K [0x00000000e2200000, 0x00000000e3580000, 0x00000000f6080000)
  object space 19968K, 14% used [0x00000000e2200000,0x00000000e24cb050,0x00000000e3580000)
 PSPermGen       total 21504K, used 12898K [0x00000000dd000000, 0x00000000de500000, 0x00000000e2200000)
  object space 21504K, 59% used [0x00000000dd000000,0x00000000ddc98b18,0x00000000de500000)
}
Event: 4.584 GC heap before
{Heap before GC invocations=4 (full 0):
 PSYoungGen      total 17408K, used 17376K [0x00000000f6080000, 0x00000000f8280000, 0x0000000100000000)
  eden space 16384K, 100% used [0x00000000f6080000,0x00000000f7080000,0x00000000f7080000)
  from space 1024K, 96% used [0x00000000f7080000,0x00000000f7178020,0x00000000f7180000)
  to   space 1024K, 0% used [0x00000000f8180000,0x00000000f8180000,0x00000000f8280000)
 ParOldGen       total 19968K, used 2860K [0x00000000e2200000, 0x00000000e3580000, 0x00000000f6080000)
  object space 19968K, 14% used [0x00000000e2200000,0x00000000e24cb050,0x00000000e3580000)
 PSPermGen       total 21504K, used 13017K [0x00000000dd000000, 0x00000000de500000, 0x00000000e2200000)
  object space 21504K, 60% used [0x00000000dd000000,0x00000000ddcb6660,0x00000000de500000)
Event: 4.607 GC heap after
Heap after GC invocations=4 (full 0):
 PSYoungGen      total 33792K, used 1011K [0x00000000f6080000, 0x00000000f8280000, 0x0000000100000000)
  eden space 32768K, 0% used [0x00000000f6080000,0x00000000f6080000,0x00000000f8080000)
  from space 1024K, 98% used [0x00000000f8180000,0x00000000f827cd68,0x00000000f8280000)
  to   space 1024K, 0% used [0x00000000f8080000,0x00000000f8080000,0x00000000f8180000)
 ParOldGen       total 19968K, used 4064K [0x00000000e2200000, 0x00000000e3580000, 0x00000000f6080000)
  object space 19968K, 20% used [0x00000000e2200000,0x00000000e25f8208,0x00000000e3580000)
 PSPermGen       total 21504K, used 13017K [0x00000000dd000000, 0x00000000de500000, 0x00000000e2200000)
  object space 21504K, 60% used [0x00000000dd000000,0x00000000ddcb6660,0x00000000de500000)
}
Event: 6.366 GC heap before
{Heap before GC invocations=5 (full 0):
 PSYoungGen      total 33792K, used 33779K [0x00000000f6080000, 0x00000000f8280000, 0x0000000100000000)
  eden space 32768K, 100% used [0x00000000f6080000,0x00000000f8080000,0x00000000f8080000)
  from space 1024K, 98% used [0x00000000f8180000,0x00000000f827cd68,0x00000000f8280000)
  to   space 1024K, 0% used [0x00000000f8080000,0x00000000f8080000,0x00000000f8180000)
 ParOldGen       total 19968K, used 4064K [0x00000000e2200000, 0x00000000e3580000, 0x00000000f6080000)
  object space 19968K, 20% used [0x00000000e2200000,0x00000000e25f8208,0x00000000e3580000)
 PSPermGen       total 21504K, used 15757K [0x00000000dd000000, 0x00000000de500000, 0x00000000e2200000)
  object space 21504K, 73% used [0x00000000dd000000,0x00000000ddf63430,0x00000000de500000)
Event: 6.390 GC heap after
Heap after GC invocations=5 (full 0):
 PSYoungGen      total 33792K, used 1011K [0x00000000f6080000, 0x00000000fb080000, 0x0000000100000000)
  eden space 32768K, 0% used [0x00000000f6080000,0x00000000f6080000,0x00000000f8080000)
  from space 1024K, 98% used [0x00000000f8080000,0x00000000f817cd68,0x00000000f8180000)
  to   space 8192K, 0% used [0x00000000fa880000,0x00000000fa880000,0x00000000fb080000)
 ParOldGen       total 19968K, used 12973K [0x00000000e2200000, 0x00000000e3580000, 0x00000000f6080000)
  object space 19968K, 64% used [0x00000000e2200000,0x00000000e2eab628,0x00000000e3580000)
 PSPermGen       total 21504K, used 15757K [0x00000000dd000000, 0x00000000de500000, 0x00000000e2200000)
  object space 21504K, 73% used [0x00000000dd000000,0x00000000ddf63430,0x00000000de500000)
}
Event: 6.390 GC heap before
{Heap before GC invocations=6 (full 1):
 PSYoungGen      total 33792K, used 1011K [0x00000000f6080000, 0x00000000fb080000, 0x0000000100000000)
  eden space 32768K, 0% used [0x00000000f6080000,0x00000000f6080000,0x00000000f8080000)
  from space 1024K, 98% used [0x00000000f8080000,0x00000000f817cd68,0x00000000f8180000)
  to   space 8192K, 0% used [0x00000000fa880000,0x00000000fa880000,0x00000000fb080000)
 ParOldGen       total 19968K, used 12973K [0x00000000e2200000, 0x00000000e3580000, 0x00000000f6080000)
  object space 19968K, 64% used [0x00000000e2200000,0x00000000e2eab628,0x00000000e3580000)
 PSPermGen       total 21504K, used 15757K [0x00000000dd000000, 0x00000000de500000, 0x00000000e2200000)
  object space 21504K, 73% used [0x00000000dd000000,0x00000000ddf63430,0x00000000de500000)
Event: 6.606 GC heap after
Heap after GC invocations=6 (full 1):
 PSYoungGen      total 33792K, used 0K [0x00000000f6080000, 0x00000000fb080000, 0x0000000100000000)
  eden space 32768K, 0% used [0x00000000f6080000,0x00000000f6080000,0x00000000f8080000)
  from space 1024K, 0% used [0x00000000f8080000,0x00000000f8080000,0x00000000f8180000)
  to   space 8192K, 0% used [0x00000000fa880000,0x00000000fa880000,0x00000000fb080000)
 ParOldGen       total 29696K, used 9113K [0x00000000e2200000, 0x00000000e3f00000, 0x00000000f6080000)
  object space 29696K, 30% used [0x00000000e2200000,0x00000000e2ae6650,0x00000000e3f00000)
 PSPermGen       total 31744K, used 15752K [0x00000000dd000000, 0x00000000def00000, 0x00000000e2200000)
  object space 31744K, 49% used [0x00000000dd000000,0x00000000ddf623a8,0x00000000def00000)
}

